<!doctype html>
<html lang="">
<head>
    <meta charset="UTF-8">
    <meta name="viewport"
          content="width=device-width, user-scalable=no, initial-scale=1.0, maximum-scale=1.0, minimum-scale=1.0">
    <meta http-equiv="X-UA-Compatible" content="ie=edge">
    <title>Test Results Report - RegistrationPage</title>

    <link href="reportng.css" rel="stylesheet" type="text/css"/>
</head>
<body>
<div id="meta">
Generated by <a href="http://www.testng.org" target="_blank">TestNG</a> with <a href="https://github.com/testng-team/reportng" target="_blank">ReportNG</a>
at 15:42 MDT on Thursday 23 June 2022
    <br/><span
    id="systemInfo">Allen@DESKTOP-J8Q58ET&nbsp;/&nbsp;Java 1.8.0_311 (Oracle Corporation)&nbsp;/&nbsp;Windows 10 10.0 (amd64)</span>
</div>
<h1>RegistrationPage</h1>

<p>
    <a href="index.html">Suites</a>
        &#183; <a href="output.html">Log Output</a>
</p>

<p>Test duration
    : 144.197s</p>


    <table class="resultsTable">
        <tr>
            <th colspan="3" class="header failed">Failed Tests</th>
        </tr>
            <tr>
                <td class="group" colspan="3">capstone.aj.testcases.RegistrationPageTests</td>
            </tr>
    <tr>
        <td class="method">
                emailValidation
        </td>
        <td class="duration">
            31.387s
        </td>
        <td class="result">
            <!-- Display the dependencies for skipped test methods -->


            <!-- Show logger output for the test -->

                <a href="javascript:toggleElement('exception-0', 'block')"
                   title="Click to expand/collapse">
                    <b>org.openqa.selenium.WebDriverException: target frame detached<br/>
&nbsp; (Session info: chrome=102.0.5005.115)<br/>
Build info: version: &apos;4.0.0&apos;, revision: &apos;3a21814679&apos;<br/>
System info: host: &apos;DESKTOP-J8Q58ET&apos;, ip: &apos;192.168.0.5&apos;, os.name: &apos;Windows 10&apos;, os.arch: &apos;amd64&apos;, os.version: &apos;10.0&apos;, java.version: &apos;1.8.0_311&apos;<br/>
Driver info: org.openqa.selenium.chrome.ChromeDriver<br/>
Command: [575333f028b54d51becbb08bde5b3e1e, findElement {using=xpath, value=//*[@id=&apos;customer_login&apos;]/p}]<br/>
Capabilities {acceptInsecureCerts: false, browserName: chrome, browserVersion: 102.0.5005.115, chrome: {chromedriverVersion: 102.0.5005.61 (0e59bcc00cc4..., userDataDir: C:\Users\Allen\AppData\Loca...}, goog:chromeOptions: {debuggerAddress: localhost:60308}, javascriptEnabled: true, networkConnectionEnabled: false, pageLoadStrategy: normal, platform: WINDOWS, platformName: WINDOWS, proxy: Proxy(), se:cdp: ws://localhost:60308/devtoo..., se:cdpVersion: 102.0.5005.115, setWindowRect: true, strictFileInteractability: false, timeouts: {implicit: 0, pageLoad: 300000, script: 30000}, unhandledPromptBehavior: dismiss and notify, webauthn:extension:credBlob: true, webauthn:extension:largeBlob: true, webauthn:virtualAuthenticators: true}<br/>
Session ID: 575333f028b54d51becbb08bde5b3e1e</b>
                </a>
                <br/>
                <div class="stackTrace" id="exception-0">
                        sun.reflect.NativeConstructorAccessorImpl.newInstance0(Native Method)<br/>
                        sun.reflect.NativeConstructorAccessorImpl.newInstance(NativeConstructorAccessorImpl.java:62)<br/>
                        sun.reflect.DelegatingConstructorAccessorImpl.newInstance(DelegatingConstructorAccessorImpl.java:45)<br/>
                        java.lang.reflect.Constructor.newInstance(Constructor.java:423)<br/>
                        org.openqa.selenium.remote.codec.w3c.W3CHttpResponseCodec.createException(W3CHttpResponseCodec.java:200)<br/>
                        org.openqa.selenium.remote.codec.w3c.W3CHttpResponseCodec.decode(W3CHttpResponseCodec.java:133)<br/>
                        org.openqa.selenium.remote.codec.w3c.W3CHttpResponseCodec.decode(W3CHttpResponseCodec.java:53)<br/>
                        org.openqa.selenium.remote.HttpCommandExecutor.execute(HttpCommandExecutor.java:184)<br/>
                        org.openqa.selenium.remote.service.DriverCommandExecutor.invokeExecute(DriverCommandExecutor.java:164)<br/>
                        org.openqa.selenium.remote.service.DriverCommandExecutor.execute(DriverCommandExecutor.java:139)<br/>
                        org.openqa.selenium.remote.RemoteWebDriver.execute(RemoteWebDriver.java:559)<br/>
                        org.openqa.selenium.remote.ElementLocation$ElementFinder$2.findElement(ElementLocation.java:162)<br/>
                        org.openqa.selenium.remote.ElementLocation.findElement(ElementLocation.java:60)<br/>
                        org.openqa.selenium.remote.RemoteWebDriver.findElement(RemoteWebDriver.java:383)<br/>
                        org.openqa.selenium.remote.RemoteWebDriver.findElement(RemoteWebDriver.java:375)<br/>
                        org.openqa.selenium.support.pagefactory.DefaultElementLocator.findElement(DefaultElementLocator.java:70)<br/>
                        org.openqa.selenium.support.pagefactory.internal.LocatingElementHandler.invoke(LocatingElementHandler.java:39)<br/>
                        com.sun.proxy.$Proxy15.getText(Unknown Source)<br/>
                        capstone.aj.pages.AccountLoginPage.confirmErrorMessage(AccountLoginPage.java:58)<br/>
                        capstone.aj.testcases.RegistrationPageTests.emailValidation(RegistrationPageTests.java:115)<br/>
                        sun.reflect.NativeMethodAccessorImpl.invoke0(Native Method)<br/>
                        sun.reflect.NativeMethodAccessorImpl.invoke(NativeMethodAccessorImpl.java:62)<br/>
                        sun.reflect.DelegatingMethodAccessorImpl.invoke(DelegatingMethodAccessorImpl.java:43)<br/>
                        java.lang.reflect.Method.invoke(Method.java:498)<br/>
                        org.testng.internal.MethodInvocationHelper.invokeMethod(MethodInvocationHelper.java:124)<br/>
                        org.testng.internal.Invoker.invokeMethod(Invoker.java:583)<br/>
                        org.testng.internal.Invoker.invokeTestMethod(Invoker.java:719)<br/>
                        org.testng.internal.Invoker.invokeTestMethods(Invoker.java:989)<br/>
                        org.testng.internal.TestMethodWorker.invokeTestMethods(TestMethodWorker.java:125)<br/>
                        org.testng.internal.TestMethodWorker.run(TestMethodWorker.java:109)<br/>
                        org.testng.TestRunner.privateRun(TestRunner.java:648)<br/>
                        org.testng.TestRunner.run(TestRunner.java:505)<br/>
                        org.testng.SuiteRunner.runTest(SuiteRunner.java:455)<br/>
                        org.testng.SuiteRunner.runSequentially(SuiteRunner.java:450)<br/>
                        org.testng.SuiteRunner.privateRun(SuiteRunner.java:415)<br/>
                        org.testng.SuiteRunner.run(SuiteRunner.java:364)<br/>
                        org.testng.SuiteRunnerWorker.runSuite(SuiteRunnerWorker.java:52)<br/>
                        org.testng.SuiteRunnerWorker.run(SuiteRunnerWorker.java:84)<br/>
                        org.testng.TestNG.runSuitesSequentially(TestNG.java:1208)<br/>
                        org.testng.TestNG.runSuitesLocally(TestNG.java:1137)<br/>
                        org.testng.TestNG.runSuites(TestNG.java:1049)<br/>
                        org.testng.TestNG.run(TestNG.java:1017)<br/>
                        com.intellij.rt.testng.IDEARemoteTestNG.run(IDEARemoteTestNG.java:66)<br/>
                        com.intellij.rt.testng.RemoteTestNGStarter.main(RemoteTestNGStarter.java:109)<br/>
                </div>
        </td>
    </tr>
    <tr>
        <td class="method">
                passwordRules
        </td>
        <td class="duration">
            31.205s
        </td>
        <td class="result">
            <!-- Display the dependencies for skipped test methods -->


            <!-- Show logger output for the test -->

                <a href="javascript:toggleElement('exception-1', 'block')"
                   title="Click to expand/collapse">
                    <b>org.openqa.selenium.WebDriverException: target frame detached<br/>
&nbsp; (Session info: chrome=102.0.5005.115)<br/>
Build info: version: &apos;4.0.0&apos;, revision: &apos;3a21814679&apos;<br/>
System info: host: &apos;DESKTOP-J8Q58ET&apos;, ip: &apos;192.168.0.5&apos;, os.name: &apos;Windows 10&apos;, os.arch: &apos;amd64&apos;, os.version: &apos;10.0&apos;, java.version: &apos;1.8.0_311&apos;<br/>
Driver info: org.openqa.selenium.chrome.ChromeDriver<br/>
Command: [09ec17e0e2778ac8f1ca0ead1cdccd6d, findElement {using=xpath, value=//*[@id=&apos;customer_login&apos;]/p}]<br/>
Capabilities {acceptInsecureCerts: false, browserName: chrome, browserVersion: 102.0.5005.115, chrome: {chromedriverVersion: 102.0.5005.61 (0e59bcc00cc4..., userDataDir: C:\Users\Allen\AppData\Loca...}, goog:chromeOptions: {debuggerAddress: localhost:60517}, javascriptEnabled: true, networkConnectionEnabled: false, pageLoadStrategy: normal, platform: WINDOWS, platformName: WINDOWS, proxy: Proxy(), se:cdp: ws://localhost:60517/devtoo..., se:cdpVersion: 102.0.5005.115, setWindowRect: true, strictFileInteractability: false, timeouts: {implicit: 0, pageLoad: 300000, script: 30000}, unhandledPromptBehavior: dismiss and notify, webauthn:extension:credBlob: true, webauthn:extension:largeBlob: true, webauthn:virtualAuthenticators: true}<br/>
Session ID: 09ec17e0e2778ac8f1ca0ead1cdccd6d</b>
                </a>
                <br/>
                <div class="stackTrace" id="exception-1">
                        sun.reflect.NativeConstructorAccessorImpl.newInstance0(Native Method)<br/>
                        sun.reflect.NativeConstructorAccessorImpl.newInstance(NativeConstructorAccessorImpl.java:62)<br/>
                        sun.reflect.DelegatingConstructorAccessorImpl.newInstance(DelegatingConstructorAccessorImpl.java:45)<br/>
                        java.lang.reflect.Constructor.newInstance(Constructor.java:423)<br/>
                        org.openqa.selenium.remote.codec.w3c.W3CHttpResponseCodec.createException(W3CHttpResponseCodec.java:200)<br/>
                        org.openqa.selenium.remote.codec.w3c.W3CHttpResponseCodec.decode(W3CHttpResponseCodec.java:133)<br/>
                        org.openqa.selenium.remote.codec.w3c.W3CHttpResponseCodec.decode(W3CHttpResponseCodec.java:53)<br/>
                        org.openqa.selenium.remote.HttpCommandExecutor.execute(HttpCommandExecutor.java:184)<br/>
                        org.openqa.selenium.remote.service.DriverCommandExecutor.invokeExecute(DriverCommandExecutor.java:164)<br/>
                        org.openqa.selenium.remote.service.DriverCommandExecutor.execute(DriverCommandExecutor.java:139)<br/>
                        org.openqa.selenium.remote.RemoteWebDriver.execute(RemoteWebDriver.java:559)<br/>
                        org.openqa.selenium.remote.ElementLocation$ElementFinder$2.findElement(ElementLocation.java:162)<br/>
                        org.openqa.selenium.remote.ElementLocation.findElement(ElementLocation.java:60)<br/>
                        org.openqa.selenium.remote.RemoteWebDriver.findElement(RemoteWebDriver.java:383)<br/>
                        org.openqa.selenium.remote.RemoteWebDriver.findElement(RemoteWebDriver.java:375)<br/>
                        org.openqa.selenium.support.pagefactory.DefaultElementLocator.findElement(DefaultElementLocator.java:70)<br/>
                        org.openqa.selenium.support.pagefactory.internal.LocatingElementHandler.invoke(LocatingElementHandler.java:39)<br/>
                        com.sun.proxy.$Proxy15.getText(Unknown Source)<br/>
                        capstone.aj.pages.AccountLoginPage.confirmErrorMessage(AccountLoginPage.java:58)<br/>
                        capstone.aj.testcases.RegistrationPageTests.passwordRules(RegistrationPageTests.java:199)<br/>
                        sun.reflect.NativeMethodAccessorImpl.invoke0(Native Method)<br/>
                        sun.reflect.NativeMethodAccessorImpl.invoke(NativeMethodAccessorImpl.java:62)<br/>
                        sun.reflect.DelegatingMethodAccessorImpl.invoke(DelegatingMethodAccessorImpl.java:43)<br/>
                        java.lang.reflect.Method.invoke(Method.java:498)<br/>
                        org.testng.internal.MethodInvocationHelper.invokeMethod(MethodInvocationHelper.java:124)<br/>
                        org.testng.internal.Invoker.invokeMethod(Invoker.java:583)<br/>
                        org.testng.internal.Invoker.invokeTestMethod(Invoker.java:719)<br/>
                        org.testng.internal.Invoker.invokeTestMethods(Invoker.java:989)<br/>
                        org.testng.internal.TestMethodWorker.invokeTestMethods(TestMethodWorker.java:125)<br/>
                        org.testng.internal.TestMethodWorker.run(TestMethodWorker.java:109)<br/>
                        org.testng.TestRunner.privateRun(TestRunner.java:648)<br/>
                        org.testng.TestRunner.run(TestRunner.java:505)<br/>
                        org.testng.SuiteRunner.runTest(SuiteRunner.java:455)<br/>
                        org.testng.SuiteRunner.runSequentially(SuiteRunner.java:450)<br/>
                        org.testng.SuiteRunner.privateRun(SuiteRunner.java:415)<br/>
                        org.testng.SuiteRunner.run(SuiteRunner.java:364)<br/>
                        org.testng.SuiteRunnerWorker.runSuite(SuiteRunnerWorker.java:52)<br/>
                        org.testng.SuiteRunnerWorker.run(SuiteRunnerWorker.java:84)<br/>
                        org.testng.TestNG.runSuitesSequentially(TestNG.java:1208)<br/>
                        org.testng.TestNG.runSuitesLocally(TestNG.java:1137)<br/>
                        org.testng.TestNG.runSuites(TestNG.java:1049)<br/>
                        org.testng.TestNG.run(TestNG.java:1017)<br/>
                        com.intellij.rt.testng.IDEARemoteTestNG.run(IDEARemoteTestNG.java:66)<br/>
                        com.intellij.rt.testng.RemoteTestNGStarter.main(RemoteTestNGStarter.java:109)<br/>
                </div>
        </td>
    </tr>
    <tr>
        <td class="method">
                requiredFieldsBlank
        </td>
        <td class="duration">
            31.541s
        </td>
        <td class="result">
            <!-- Display the dependencies for skipped test methods -->


            <!-- Show logger output for the test -->

                <a href="javascript:toggleElement('exception-2', 'block')"
                   title="Click to expand/collapse">
                    <b>org.openqa.selenium.WebDriverException: target frame detached<br/>
&nbsp; (Session info: chrome=102.0.5005.115)<br/>
Build info: version: &apos;4.0.0&apos;, revision: &apos;3a21814679&apos;<br/>
System info: host: &apos;DESKTOP-J8Q58ET&apos;, ip: &apos;192.168.0.5&apos;, os.name: &apos;Windows 10&apos;, os.arch: &apos;amd64&apos;, os.version: &apos;10.0&apos;, java.version: &apos;1.8.0_311&apos;<br/>
Driver info: org.openqa.selenium.chrome.ChromeDriver<br/>
Command: [838f43516dae50c7a7b54b51c6c5766c, findElement {using=xpath, value=//*[@id=&apos;customer_login&apos;]/p}]<br/>
Capabilities {acceptInsecureCerts: false, browserName: chrome, browserVersion: 102.0.5005.115, chrome: {chromedriverVersion: 102.0.5005.61 (0e59bcc00cc4..., userDataDir: C:\Users\Allen\AppData\Loca...}, goog:chromeOptions: {debuggerAddress: localhost:60414}, javascriptEnabled: true, networkConnectionEnabled: false, pageLoadStrategy: normal, platform: WINDOWS, platformName: WINDOWS, proxy: Proxy(), se:cdp: ws://localhost:60414/devtoo..., se:cdpVersion: 102.0.5005.115, setWindowRect: true, strictFileInteractability: false, timeouts: {implicit: 0, pageLoad: 300000, script: 30000}, unhandledPromptBehavior: dismiss and notify, webauthn:extension:credBlob: true, webauthn:extension:largeBlob: true, webauthn:virtualAuthenticators: true}<br/>
Session ID: 838f43516dae50c7a7b54b51c6c5766c</b>
                </a>
                <br/>
                <div class="stackTrace" id="exception-2">
                        sun.reflect.NativeConstructorAccessorImpl.newInstance0(Native Method)<br/>
                        sun.reflect.NativeConstructorAccessorImpl.newInstance(NativeConstructorAccessorImpl.java:62)<br/>
                        sun.reflect.DelegatingConstructorAccessorImpl.newInstance(DelegatingConstructorAccessorImpl.java:45)<br/>
                        java.lang.reflect.Constructor.newInstance(Constructor.java:423)<br/>
                        org.openqa.selenium.remote.codec.w3c.W3CHttpResponseCodec.createException(W3CHttpResponseCodec.java:200)<br/>
                        org.openqa.selenium.remote.codec.w3c.W3CHttpResponseCodec.decode(W3CHttpResponseCodec.java:133)<br/>
                        org.openqa.selenium.remote.codec.w3c.W3CHttpResponseCodec.decode(W3CHttpResponseCodec.java:53)<br/>
                        org.openqa.selenium.remote.HttpCommandExecutor.execute(HttpCommandExecutor.java:184)<br/>
                        org.openqa.selenium.remote.service.DriverCommandExecutor.invokeExecute(DriverCommandExecutor.java:164)<br/>
                        org.openqa.selenium.remote.service.DriverCommandExecutor.execute(DriverCommandExecutor.java:139)<br/>
                        org.openqa.selenium.remote.RemoteWebDriver.execute(RemoteWebDriver.java:559)<br/>
                        org.openqa.selenium.remote.ElementLocation$ElementFinder$2.findElement(ElementLocation.java:162)<br/>
                        org.openqa.selenium.remote.ElementLocation.findElement(ElementLocation.java:60)<br/>
                        org.openqa.selenium.remote.RemoteWebDriver.findElement(RemoteWebDriver.java:383)<br/>
                        org.openqa.selenium.remote.RemoteWebDriver.findElement(RemoteWebDriver.java:375)<br/>
                        org.openqa.selenium.support.pagefactory.DefaultElementLocator.findElement(DefaultElementLocator.java:70)<br/>
                        org.openqa.selenium.support.pagefactory.internal.LocatingElementHandler.invoke(LocatingElementHandler.java:39)<br/>
                        com.sun.proxy.$Proxy15.getText(Unknown Source)<br/>
                        capstone.aj.pages.AccountLoginPage.confirmErrorMessage(AccountLoginPage.java:58)<br/>
                        capstone.aj.testcases.RegistrationPageTests.requiredFieldsBlank(RegistrationPageTests.java:157)<br/>
                        sun.reflect.NativeMethodAccessorImpl.invoke0(Native Method)<br/>
                        sun.reflect.NativeMethodAccessorImpl.invoke(NativeMethodAccessorImpl.java:62)<br/>
                        sun.reflect.DelegatingMethodAccessorImpl.invoke(DelegatingMethodAccessorImpl.java:43)<br/>
                        java.lang.reflect.Method.invoke(Method.java:498)<br/>
                        org.testng.internal.MethodInvocationHelper.invokeMethod(MethodInvocationHelper.java:124)<br/>
                        org.testng.internal.Invoker.invokeMethod(Invoker.java:583)<br/>
                        org.testng.internal.Invoker.invokeTestMethod(Invoker.java:719)<br/>
                        org.testng.internal.Invoker.invokeTestMethods(Invoker.java:989)<br/>
                        org.testng.internal.TestMethodWorker.invokeTestMethods(TestMethodWorker.java:125)<br/>
                        org.testng.internal.TestMethodWorker.run(TestMethodWorker.java:109)<br/>
                        org.testng.TestRunner.privateRun(TestRunner.java:648)<br/>
                        org.testng.TestRunner.run(TestRunner.java:505)<br/>
                        org.testng.SuiteRunner.runTest(SuiteRunner.java:455)<br/>
                        org.testng.SuiteRunner.runSequentially(SuiteRunner.java:450)<br/>
                        org.testng.SuiteRunner.privateRun(SuiteRunner.java:415)<br/>
                        org.testng.SuiteRunner.run(SuiteRunner.java:364)<br/>
                        org.testng.SuiteRunnerWorker.runSuite(SuiteRunnerWorker.java:52)<br/>
                        org.testng.SuiteRunnerWorker.run(SuiteRunnerWorker.java:84)<br/>
                        org.testng.TestNG.runSuitesSequentially(TestNG.java:1208)<br/>
                        org.testng.TestNG.runSuitesLocally(TestNG.java:1137)<br/>
                        org.testng.TestNG.runSuites(TestNG.java:1049)<br/>
                        org.testng.TestNG.run(TestNG.java:1017)<br/>
                        com.intellij.rt.testng.IDEARemoteTestNG.run(IDEARemoteTestNG.java:66)<br/>
                        com.intellij.rt.testng.RemoteTestNGStarter.main(RemoteTestNGStarter.java:109)<br/>
                </div>
        </td>
    </tr>
    </table>


    <table class="resultsTable" width="100%">
        <tr>
            <th colspan="3" class="header passed">Passed Tests</th>
        </tr>
            <tr>
                <td class="group" colspan="3">capstone.aj.testcases.RegistrationPageTests</td>
            </tr>
    <tr>
        <td class="method">
                newUserRegistrationPage
        </td>
        <td class="duration">
            1.974s
        </td>
        <td class="result">
            <!-- Display the dependencies for skipped test methods -->


            <!-- Show logger output for the test -->

        </td>
    </tr>
    <tr>
        <td class="method">
                verifyNewUserRegistered
        </td>
        <td class="duration">
            31.556s
        </td>
        <td class="result">
            <!-- Display the dependencies for skipped test methods -->


            <!-- Show logger output for the test -->

        </td>
    </tr>
    </table>

<script type="text/javascript" src="reportng.js"></script>
</body>
